[ENROLL HIT] User: 80, Course: undefined
[ENROLL HIT] User: 80, Course: 28
[ENROLL HIT] User: 80, Course: 27
[ENROLL HIT] User: 81, Course: 6
[ENROLL HIT] User: 81, Course: 22
[ENROLL HIT] User: 81, Course: 27
[ENROLL HIT] User: 81, Course: 31
[ENROLL HIT] User: 81, Course: 35
[ENROLL HIT] User: 80, Course: 29
[ENROLL HIT] User: 80, Course: 31
[ENROLL HIT] User: 80, Course: 34
[ENROLL HIT] User: 80, Course: 30
[ENROLL HIT] User: 80, Course: 44
[ENROLL HIT] User: 80, Course: 45
[ENROLL HIT] User: 82, Course: 31
[ENROLL HIT] User: 82, Course: 33
[ENROLL HIT] User: 82, Course: 20
[ENROLL HIT] User: 82, Course: 32
[ENROLL HIT] User: 82, Course: 28
[ENROLL HIT] User: 83, Course: 47
[GET PROGRESS] User: 83, Module: 3
[GET PROGRESS] User: 83, Module: 4
[PROGRESS HIT] User: 83, Module: 3, Course: 47, Secs: 14.165333, Ended: true
[PROGRESS HIT] User: 83, Module: 4, Course: 47, Secs: 1.536, Ended: true
[PROGRESS HIT] User: 83, Module: 4, Course: 47, Secs: 1.536, Ended: true
[GET PROGRESS] User: 83, Module: 4
[GET PROGRESS] User: 83, Module: 3
[PROGRESS HIT] User: 83, Module: 3, Course: 47, Secs: 14.165333, Ended: true
[ERROR] Cannot add or update a child row: a foreign key constraint fails (`student_hub_db`.`student_video_progress`, CONSTRAINT `student_video_progress_ibfk_2` FOREIGN KEY (`lesson_id`) REFERENCES `lessons` (`id`) ON DELETE CASCADE)
Error: Cannot add or update a child row: a foreign key constraint fails (`student_hub_db`.`student_video_progress`, CONSTRAINT `student_video_progress_ibfk_2` FOREIGN KEY (`lesson_id`) REFERENCES `lessons` (`id`) ON DELETE CASCADE)
    at PromisePool.query (C:\Users\bavis\OneDrive\Desktop\shika\Internships\Prolync\workspace\Karpagam_final\Backend\node_modules\mysql2\lib\promise\pool.js:36:22)
    at updateModuleProgress (file:///C:/Users/bavis/OneDrive/Desktop/shika/Internships/Prolync/workspace/Karpagam_final/Backend/controllers/moduleController.js:206:18)
    at process.processTicksAndRejections (node:internal/process/task_queues:105:5)
[PROGRESS HIT] User: 83, Module: 4, Course: 47, Secs: 1.536, Ended: true
[ERROR] Cannot add or update a child row: a foreign key constraint fails (`student_hub_db`.`student_video_progress`, CONSTRAINT `student_video_progress_ibfk_2` FOREIGN KEY (`lesson_id`) REFERENCES `lessons` (`id`) ON DELETE CASCADE)
Error: Cannot add or update a child row: a foreign key constraint fails (`student_hub_db`.`student_video_progress`, CONSTRAINT `student_video_progress_ibfk_2` FOREIGN KEY (`lesson_id`) REFERENCES `lessons` (`id`) ON DELETE CASCADE)
    at PromisePool.query (C:\Users\bavis\OneDrive\Desktop\shika\Internships\Prolync\workspace\Karpagam_final\Backend\node_modules\mysql2\lib\promise\pool.js:36:22)
    at updateModuleProgress (file:///C:/Users/bavis/OneDrive/Desktop/shika/Internships/Prolync/workspace/Karpagam_final/Backend/controllers/moduleController.js:206:18)
    at process.processTicksAndRejections (node:internal/process/task_queues:105:5)
[GET PROGRESS] User: 83, Module: 4
[GET PROGRESS] User: 83, Module: 3
[PROGRESS HIT] User: 83, Module: 3, Course: 47, Secs: 14.165333, Ended: true
[PROGRESS HIT] User: 83, Module: 4, Course: 47, Secs: 1.536, Ended: true
[GET PROGRESS] User: 83, Module: 4
[GET PROGRESS] User: 83, Module: 3
[GET PROGRESS] User: 83, Module: 3
[GET PROGRESS] User: 83, Module: 4
[GET PROGRESS] User: 83, Module: 3
[GET PROGRESS] User: 83, Module: 4
[GET PROGRESS] User: 83, Module: 3
[GET PROGRESS] User: 83, Module: 4
[PROGRESS HIT] User: 83, Module: 4, Course: 47, Secs: 1.536, Ended: true
[PROGRESS HIT] User: 83, Module: 4, Course: 47, Secs: 1.536, Ended: true
[PROGRESS HIT] User: 83, Module: 4, Course: 47, Secs: 1.536, Ended: false
[GET PROGRESS] User: 83, Module: 4
[GET PROGRESS] User: 83, Module: 3
[GET PROGRESS] User: 83, Module: 3
[GET PROGRESS] User: 83, Module: 4
[PROGRESS HIT] User: 83, Module: 3, Course: 47, Secs: 14.165333, Ended: true
[PROGRESS HIT] User: 83, Module: 4, Course: 47, Secs: 1.536, Ended: true
[PROGRESS HIT] User: 83, Module: 4, Course: 47, Secs: 1.536, Ended: true
[PROGRESS HIT] User: 83, Module: 4, Course: 47, Secs: 1.536, Ended: false
[GET PROGRESS] User: 83, Module: 3
[GET PROGRESS] User: 83, Module: 4
[PROGRESS HIT] User: 83, Module: 4, Course: 47, Secs: 1.536, Ended: true
[PROGRESS HIT] User: 83, Module: 4, Course: 47, Secs: 1.536, Ended: false
[PROGRESS HIT] User: 83, Module: 4, Course: 47, Secs: 1.536, Ended: false
[PROGRESS HIT] User: 83, Module: 4, Course: 47, Secs: 1.171136, Ended: false
[GET PROGRESS] User: 83, Module: 4
[GET PROGRESS] User: 83, Module: 3
[PROGRESS HIT] User: 83, Module: 3, Course: 47, Secs: 14.165333, Ended: true
[PROGRESS HIT] User: 83, Module: 4, Course: 47, Secs: 1.536, Ended: true
[PROGRESS HIT] User: 83, Module: 4, Course: 47, Secs: 1.536, Ended: true
[PROGRESS HIT] User: 83, Module: 4, Course: 47, Secs: 1.536, Ended: false
[PROGRESS HIT] User: 83, Module: 4, Course: 47, Secs: 1.536, Ended: true
[PROGRESS HIT] User: 83, Module: 4, Course: 47, Secs: 1.536, Ended: false
[GET PROGRESS] User: 83, Module: 3
[GET PROGRESS] User: 83, Module: 4
[GET PROGRESS] User: 83, Module: 3
[GET PROGRESS] User: 83, Module: 4
[ENROLL HIT] User: 85, Course: 48
[GET PROGRESS] User: 85, Module: 5
[ENROLL HIT] User: 85, Course: 47
[GET PROGRESS] User: 85, Module: 3
[GET PROGRESS] User: 85, Module: 4
[GET PROGRESS] User: 85, Module: 5
[PROGRESS HIT] User: 85, Module: 5, Course: 48, Secs: 179.696011, Ended: true
[PROGRESS HIT] User: 85, Module: 5, Course: 48, Secs: 179.696011, Ended: false
[ENROLL HIT] User: 83, Course: 49
[GET PROGRESS] User: 83, Module: 6
[PROGRESS HIT] User: 83, Module: 6, Course: 49, Secs: 71.683775, Ended: false
[ENROLL HIT] User: 89, Course: 49
[GET PROGRESS] User: 89, Module: 6
[PROGRESS HIT] User: 89, Module: 6, Course: 49, Secs: 711.168, Ended: true
[PROGRESS HIT] User: 89, Module: 6, Course: 49, Secs: 711.168, Ended: false
[ENROLL HIT] User: 85, Course: 49
[GET PROGRESS] User: 85, Module: 6
[PROGRESS HIT] User: 85, Module: 6, Course: 49, Secs: 711.168, Ended: true
[PROGRESS HIT] User: 85, Module: 6, Course: 49, Secs: 711.168, Ended: false
[ENROLL HIT] User: 89, Course: 50
[ENROLL HIT] User: 83, Course: 50
[GET PROGRESS] User: 83, Module: 7
[ENROLL HIT] User: 90, Course: 50
[GET PROGRESS] User: 90, Module: 7
[PROGRESS HIT] User: 90, Module: 7, Course: 50, Secs: 841.408, Ended: true
[PROGRESS HIT] User: 90, Module: 7, Course: 50, Secs: 841.408, Ended: false
[ENROLL HIT] User: 92, Course: 50
[GET PROGRESS] User: 92, Module: 7
[PROGRESS HIT] User: 92, Module: 7, Course: 50, Secs: 96.236179, Ended: false
[GET PROGRESS] User: 92, Module: 7
[PROGRESS HIT] User: 92, Module: 7, Course: 50, Secs: 308.178706, Ended: false
[PROGRESS HIT] User: 92, Module: 7, Course: 50, Secs: 309.841592, Ended: false
[GET PROGRESS] User: 92, Module: 7
[GET PROGRESS] User: 92, Module: 7
[PROGRESS HIT] User: 92, Module: 7, Course: 50, Secs: 841.408, Ended: true
[PROGRESS HIT] User: 92, Module: 7, Course: 50, Secs: 841.408, Ended: false
[GET PROGRESS] User: 92, Module: 7
[GET PROGRESS] User: 83, Module: 7
[PROGRESS HIT] User: 83, Module: 7, Course: 50, Secs: 220.932064, Ended: false
[GET PROGRESS] User: 83, Module: 6
[PROGRESS HIT] User: 83, Module: 6, Course: 49, Secs: 1.759989, Ended: false
[GET PROGRESS] User: 83, Module: 7
[PROGRESS HIT] User: 83, Module: 7, Course: 50, Secs: 841.408, Ended: true
[PROGRESS HIT] User: 83, Module: 7, Course: 50, Secs: 841.408, Ended: false
[ENROLL HIT] User: 1, Course: 51
[GET PROGRESS] User: 1, Module: 8
[GET PROGRESS] User: 1, Module: 9
[PROGRESS HIT] User: 1, Module: 8, Course: 51, Secs: 89.307823, Ended: true
[PROGRESS HIT] User: 1, Module: 9, Course: 51, Secs: 841.408, Ended: true
[PROGRESS HIT] User: 1, Module: 9, Course: 51, Secs: 841.408, Ended: false
[GET PROGRESS] User: 2, Module: 7
[GET PROGRESS] User: 2, Module: 7
